/*C104*/SET SCHEMA PUBLIC
DISCONNECT
/*C103*/SET SCHEMA PUBLIC
DISCONNECT
/*C106*/SET SCHEMA PUBLIC
DISCONNECT
/*C109*/SET SCHEMA PUBLIC
DISCONNECT
/*C102*/SET SCHEMA PUBLIC
DISCONNECT
/*C108*/SET SCHEMA PUBLIC
DISCONNECT
/*C111*/SET SCHEMA PUBLIC
DISCONNECT
/*C110*/SET SCHEMA PUBLIC
DISCONNECT
/*C107*/SET SCHEMA PUBLIC
DISCONNECT
/*C105*/SET SCHEMA PUBLIC
DISCONNECT
/*C112*/SET SCHEMA PUBLIC
INSERT INTO TRANSACTION VALUES('b5a48238-7e0b-41f2-b9fa-ec5d2b521dc7',3342112,'Pedro Portella','2022-04-17 17:15:17.311000',9000.00)
COMMIT
INSERT INTO TRANSACTION VALUES('d7399fa2-71a6-4994-a57d-6cc373ba042f',3342112,'Pedro Portella','2022-04-17 17:15:48.349000',17.00)
COMMIT
INSERT INTO TRANSACTION VALUES('2f49cd3d-35e9-4acd-954a-a5e77900310e',3342112,'Pedro Portella','2022-04-17 17:35:51.285000',1.00)
COMMIT
INSERT INTO TRANSACTION VALUES('02a1bc0c-45af-4169-9488-189661332c7a',3342112,'Pedro Portella','2022-04-17 17:37:50.731000',1.00)
COMMIT
DISCONNECT
/*C114*/SET SCHEMA PUBLIC
DISCONNECT
/*C117*/SET SCHEMA PUBLIC
DISCONNECT
/*C113*/SET SCHEMA PUBLIC
DISCONNECT
/*C116*/SET SCHEMA PUBLIC
DISCONNECT
/*C120*/SET SCHEMA PUBLIC
DISCONNECT
/*C118*/SET SCHEMA PUBLIC
DISCONNECT
/*C115*/SET SCHEMA PUBLIC
DISCONNECT
/*C119*/SET SCHEMA PUBLIC
DISCONNECT
/*C121*/SET SCHEMA PUBLIC
DISCONNECT
/*C122*/SET SCHEMA PUBLIC
INSERT INTO TRANSACTION VALUES('172ebdc2-08c5-4b3a-8b54-2892038857fc',33064566,'Lucas Bui Martinelli','2022-04-17 17:43:44.956000',222.00)
COMMIT
